#
# There is insufficient memory for the Java Runtime Environment to continue.
# Native memory allocation (mmap) failed to map 85458944 bytes for committing reserved memory.
# Possible reasons:
#   The system is out of physical RAM or swap space
#   The process is running with CompressedOops enabled, and the Java Heap may be blocking the growth of the native heap
# Possible solutions:
#   Reduce memory load on the system
#   Increase physical memory or swap space
#   Check if swap backing store is full
#   Decrease Java heap size (-Xmx/-Xms)
#   Decrease number of Java threads
#   Decrease Java thread stack sizes (-Xss)
#   Set larger code cache with -XX:ReservedCodeCacheSize=
# This output file may be truncated or incomplete.
#
#  Out of Memory Error (os_linux.cpp:2753), pid=4156, tid=0x00007f2fb5fda700
#
# JRE version:  (8.0_212) (build )
# Java VM: OpenJDK 64-Bit Server VM (25.212-b4-5784211 mixed mode linux-amd64 compressed oops)
# Failed to write core dump. Core dumps have been disabled. To enable core dumping, try "ulimit -c unlimited" before starting Java again
#

---------------  T H R E A D  ---------------

Current thread (0x00007f2fb000b000):  JavaThread "Unknown thread" [_thread_in_vm, id=4157, stack(0x00007f2fb5eda000,0x00007f2fb5fdb000)]

Stack: [0x00007f2fb5eda000,0x00007f2fb5fdb000],  sp=0x00007f2fb5fd9600,  free space=1021k
Native frames: (J=compiled Java code, j=interpreted, Vv=VM code, C=native code)
V  [libjvm.so+0xa0b42d]  VMError::report_and_die()+0x15d
V  [libjvm.so+0x4d48ca]  report_vm_out_of_memory(char const*, int, unsigned long, VMErrorType, char const*)+0x8a
V  [libjvm.so+0x871e08]  os::pd_commit_memory(char*, unsigned long, unsigned long, bool)+0xd8
V  [libjvm.so+0x8696df]  os::commit_memory(char*, unsigned long, unsigned long, bool)+0x1f
V  [libjvm.so+0x8e36cb]  PSVirtualSpace::expand_by(unsigned long)+0x5b
V  [libjvm.so+0x8d5658]  PSOldGen::initialize(ReservedSpace, unsigned long, char const*, int)+0xa8
V  [libjvm.so+0x2dbbb3]  AdjoiningGenerations::AdjoiningGenerations(ReservedSpace, GenerationSizer*, unsigned long)+0x353
V  [libjvm.so+0x895e51]  ParallelScavengeHeap::initialize()+0x211
V  [libjvm.so+0x9d6ab9]  Universe::initialize_heap()+0x189
V  [libjvm.so+0x9d6cb3]  universe_init()+0x33
V  [libjvm.so+0x5fdfa5]  init_globals()+0x55
V  [libjvm.so+0x9ba234]  Threads::create_vm(JavaVMInitArgs*, bool*)+0x274
V  [libjvm.so+0x66b05e]  JNI_CreateJavaVM+0x4e
C  [libjli.so+0x77a8]  JavaMain+0x88
C  [libpthread.so.0+0x8184]  start_thread+0xc4


---------------  P R O C E S S  ---------------

Java Threads: ( => current thread )

Other Threads:

=>0x00007f2fb000b000 (exited) JavaThread "Unknown thread" [_thread_in_vm, id=4157, stack(0x00007f2fb5eda000,0x00007f2fb5fdb000)]

VM state:not at safepoint (not fully initialized)

VM Mutex/Monitor currently owned by a thread: None

heap address: 0x0000000087c00000, size: 1924 MB, Compressed Oops mode: Non-zero based:0x0000000087bff000
Narrow klass base: 0x0000000000000000, Narrow klass shift: 0

GC Heap History (0 events):
No events

Deoptimization events (0 events):
No events

Classes redefined (0 events):
No events

Internal exceptions (0 events):
No events

Events (0 events):
No events


Dynamic libraries:
00400000-00401000 r-xp 00000000 08:01 20477203                           /opt/android-studio4/android-studio/jre/jre/bin/java
00401000-00402000 r--p 00000000 08:01 20477203                           /opt/android-studio4/android-studio/jre/jre/bin/java
00402000-00403000 rw-p 00001000 08:01 20477203                           /opt/android-studio4/android-studio/jre/jre/bin/java
020b8000-020d9000 rw-p 00000000 00:00 0                                  [heap]
8cd80000-d7f00000 ---p 00000000 00:00 0 
d7f00000-da780000 rw-p 00000000 00:00 0 
da780000-100000000 ---p 00000000 00:00 0 
7f2fa00bf000-7f2fa024c000 rw-p 00000000 00:00 0 
7f2fa024c000-7f2fa04cd000 ---p 00000000 00:00 0 
7f2fa04cd000-7f2fa04e2000 rw-p 00000000 00:00 0 
7f2fa04e2000-7f2fa060e000 ---p 00000000 00:00 0 
7f2fa060e000-7f2fa0619000 rw-p 00000000 00:00 0 
7f2fa0619000-7f2fa09cf000 ---p 00000000 00:00 0 
7f2fa09cf000-7f2fa0c3f000 rwxp 00000000 00:00 0 
7f2fa0c3f000-7f2faf9cf000 ---p 00000000 00:00 0 
7f2faf9cf000-7f2faf9d9000 r-xp 00000000 08:01 4067002                    /lib/x86_64-linux-gnu/libnss_files-2.19.so
7f2faf9d9000-7f2fafbd8000 ---p 0000a000 08:01 4067002                    /lib/x86_64-linux-gnu/libnss_files-2.19.so
7f2fafbd8000-7f2fafbd9000 r--p 00009000 08:01 4067002                    /lib/x86_64-linux-gnu/libnss_files-2.19.so
7f2fafbd9000-7f2fafbda000 rw-p 0000a000 08:01 4067002                    /lib/x86_64-linux-gnu/libnss_files-2.19.so
7f2fafbda000-7f2fafbe5000 r-xp 00000000 08:01 4066898                    /lib/x86_64-linux-gnu/libnss_nis-2.19.so
7f2fafbe5000-7f2fafde4000 ---p 0000b000 08:01 4066898                    /lib/x86_64-linux-gnu/libnss_nis-2.19.so
7f2fafde4000-7f2fafde5000 r--p 0000a000 08:01 4066898                    /lib/x86_64-linux-gnu/libnss_nis-2.19.so
7f2fafde5000-7f2fafde6000 rw-p 0000b000 08:01 4066898                    /lib/x86_64-linux-gnu/libnss_nis-2.19.so
7f2fafde6000-7f2fafdfd000 r-xp 00000000 08:01 4067014                    /lib/x86_64-linux-gnu/libnsl-2.19.so
7f2fafdfd000-7f2fafffc000 ---p 00017000 08:01 4067014                    /lib/x86_64-linux-gnu/libnsl-2.19.so
7f2fafffc000-7f2fafffd000 r--p 00016000 08:01 4067014                    /lib/x86_64-linux-gnu/libnsl-2.19.so
7f2fafffd000-7f2fafffe000 rw-p 00017000 08:01 4067014                    /lib/x86_64-linux-gnu/libnsl-2.19.so
7f2fafffe000-7f2fb0000000 rw-p 00000000 00:00 0 
7f2fb0000000-7f2fb0035000 rw-p 00000000 00:00 0 
7f2fb0035000-7f2fb4000000 ---p 00000000 00:00 0 
7f2fb408f000-7f2fb41bd000 rw-p 00000000 00:00 0 
7f2fb41bd000-7f2fb41c6000 r-xp 00000000 08:01 4067013                    /lib/x86_64-linux-gnu/libnss_compat-2.19.so
7f2fb41c6000-7f2fb43c5000 ---p 00009000 08:01 4067013                    /lib/x86_64-linux-gnu/libnss_compat-2.19.so
7f2fb43c5000-7f2fb43c6000 r--p 00008000 08:01 4067013                    /lib/x86_64-linux-gnu/libnss_compat-2.19.so
7f2fb43c6000-7f2fb43c7000 rw-p 00009000 08:01 4067013                    /lib/x86_64-linux-gnu/libnss_compat-2.19.so
7f2fb43c7000-7f2fb43ce000 r-xp 00000000 08:01 4067008                    /lib/x86_64-linux-gnu/librt-2.19.so
7f2fb43ce000-7f2fb45cd000 ---p 00007000 08:01 4067008                    /lib/x86_64-linux-gnu/librt-2.19.so
7f2fb45cd000-7f2fb45ce000 r--p 00006000 08:01 4067008                    /lib/x86_64-linux-gnu/librt-2.19.so
7f2fb45ce000-7f2fb45cf000 rw-p 00007000 08:01 4067008                    /lib/x86_64-linux-gnu/librt-2.19.so
7f2fb45cf000-7f2fb46d4000 r-xp 00000000 08:01 4066883                    /lib/x86_64-linux-gnu/libm-2.19.so
7f2fb46d4000-7f2fb48d3000 ---p 00105000 08:01 4066883                    /lib/x86_64-linux-gnu/libm-2.19.so
7f2fb48d3000-7f2fb48d4000 r--p 00104000 08:01 4066883                    /lib/x86_64-linux-gnu/libm-2.19.so
7f2fb48d4000-7f2fb48d5000 rw-p 00105000 08:01 4066883                    /lib/x86_64-linux-gnu/libm-2.19.so
7f2fb48d5000-7f2fb54fc000 r-xp 00000000 08:01 20477136                   /opt/android-studio4/android-studio/jre/jre/lib/amd64/server/libjvm.so
7f2fb54fc000-7f2fb55a4000 r--p 00c26000 08:01 20477136                   /opt/android-studio4/android-studio/jre/jre/lib/amd64/server/libjvm.so
7f2fb55a4000-7f2fb55cd000 rw-p 00cce000 08:01 20477136                   /opt/android-studio4/android-studio/jre/jre/lib/amd64/server/libjvm.so
7f2fb55cd000-7f2fb5611000 rw-p 00000000 00:00 0 
7f2fb5611000-7f2fb57cf000 r-xp 00000000 08:01 4066995                    /lib/x86_64-linux-gnu/libc-2.19.so
7f2fb57cf000-7f2fb59cf000 ---p 001be000 08:01 4066995                    /lib/x86_64-linux-gnu/libc-2.19.so
7f2fb59cf000-7f2fb59d3000 r--p 001be000 08:01 4066995                    /lib/x86_64-linux-gnu/libc-2.19.so
7f2fb59d3000-7f2fb59d5000 rw-p 001c2000 08:01 4066995                    /lib/x86_64-linux-gnu/libc-2.19.so
7f2fb59d5000-7f2fb59da000 rw-p 00000000 00:00 0 
7f2fb59da000-7f2fb59dd000 r-xp 00000000 08:01 4066929                    /lib/x86_64-linux-gnu/libdl-2.19.so
7f2fb59dd000-7f2fb5bdc000 ---p 00003000 08:01 4066929                    /lib/x86_64-linux-gnu/libdl-2.19.so
7f2fb5bdc000-7f2fb5bdd000 r--p 00002000 08:01 4066929                    /lib/x86_64-linux-gnu/libdl-2.19.so
7f2fb5bdd000-7f2fb5bde000 rw-p 00003000 08:01 4066929                    /lib/x86_64-linux-gnu/libdl-2.19.so
7f2fb5bde000-7f2fb5bf7000 r-xp 00000000 08:01 4063607                    /lib/x86_64-linux-gnu/libpthread-2.19.so
7f2fb5bf7000-7f2fb5df6000 ---p 00019000 08:01 4063607                    /lib/x86_64-linux-gnu/libpthread-2.19.so
7f2fb5df6000-7f2fb5df7000 r--p 00018000 08:01 4063607                    /lib/x86_64-linux-gnu/libpthread-2.19.so
7f2fb5df7000-7f2fb5df8000 rw-p 00019000 08:01 4063607                    /lib/x86_64-linux-gnu/libpthread-2.19.so
7f2fb5df8000-7f2fb5dfc000 rw-p 00000000 00:00 0 
7f2fb5dfc000-7f2fb5e1f000 r-xp 00000000 08:01 4066971                    /lib/x86_64-linux-gnu/ld-2.19.so
7f2fb5e8f000-7f2fb5eaa000 r-xp 00000000 08:01 20477142                   /opt/android-studio4/android-studio/jre/jre/lib/amd64/libzip.so
7f2fb5eaa000-7f2fb5eab000 r--p 0001a000 08:01 20477142                   /opt/android-studio4/android-studio/jre/jre/lib/amd64/libzip.so
7f2fb5eab000-7f2fb5eac000 rw-p 0001b000 08:01 20477142                   /opt/android-studio4/android-studio/jre/jre/lib/amd64/libzip.so
7f2fb5eac000-7f2fb5ed7000 r-xp 00000000 08:01 20477148                   /opt/android-studio4/android-studio/jre/jre/lib/amd64/libjava.so
7f2fb5ed7000-7f2fb5ed8000 r--p 0002a000 08:01 20477148                   /opt/android-studio4/android-studio/jre/jre/lib/amd64/libjava.so
7f2fb5ed8000-7f2fb5eda000 rw-p 0002b000 08:01 20477148                   /opt/android-studio4/android-studio/jre/jre/lib/amd64/libjava.so
7f2fb5eda000-7f2fb5edd000 ---p 00000000 00:00 0 
7f2fb5edd000-7f2fb5fdf000 rw-p 00000000 00:00 0                          [stack:4157]
7f2fb5fdf000-7f2fb5ff5000 r-xp 00000000 08:01 20477145                   /opt/android-studio4/android-studio/jre/jre/lib/amd64/jli/libjli.so
7f2fb5ff5000-7f2fb5ff6000 r--p 00015000 08:01 20477145                   /opt/android-studio4/android-studio/jre/jre/lib/amd64/jli/libjli.so
7f2fb5ff6000-7f2fb5ff7000 rw-p 00016000 08:01 20477145                   /opt/android-studio4/android-studio/jre/jre/lib/amd64/jli/libjli.so
7f2fb5ff7000-7f2fb5ff8000 rw-p 00000000 00:00 0 
7f2fb6001000-7f2fb6004000 rw-p 00000000 00:00 0 
7f2fb6004000-7f2fb600c000 rw-s 00000000 08:01 263758                     /tmp/hsperfdata_ernesto/4156
7f2fb600c000-7f2fb600d000 rw-p 00000000 00:00 0 
7f2fb600d000-7f2fb600e000 r--p 00000000 00:00 0 
7f2fb600e000-7f2fb601b000 r-xp 00000000 08:01 20477138                   /opt/android-studio4/android-studio/jre/jre/lib/amd64/libverify.so
7f2fb601b000-7f2fb601d000 r--p 0000c000 08:01 20477138                   /opt/android-studio4/android-studio/jre/jre/lib/amd64/libverify.so
7f2fb601d000-7f2fb601e000 rw-p 0000e000 08:01 20477138                   /opt/android-studio4/android-studio/jre/jre/lib/amd64/libverify.so
7f2fb601e000-7f2fb601f000 r--p 00022000 08:01 4066971                    /lib/x86_64-linux-gnu/ld-2.19.so
7f2fb601f000-7f2fb6020000 rw-p 00023000 08:01 4066971                    /lib/x86_64-linux-gnu/ld-2.19.so
7f2fb6020000-7f2fb6021000 rw-p 00000000 00:00 0 
7fff60166000-7fff60187000 rw-p 00000000 00:00 0                          [stack]
7fff601fe000-7fff60200000 r-xp 00000000 00:00 0                          [vdso]
ffffffffff600000-ffffffffff601000 r-xp 00000000 00:00 0                  [vsyscall]

VM Arguments:
java_command: org.jetbrains.git4idea.http.GitAskPassApp Username for 'https://github.com': 
java_class_path (initial): /opt/android-studio4/android-studio/plugins/git4idea/lib/git4idea-rt.jar:/opt/android-studio4/android-studio/lib/xmlrpc-2.0.1.jar:/opt/android-studio4/android-studio/lib/commons-codec-1.13.jar:/opt/android-studio4/android-studio/lib/util.jar
Launcher Type: SUN_STANDARD

Environment Variables:
PATH=/usr/lib/git-core:/usr/bin:/home/ernesto/bin:/usr/local/sbin:/usr/local/bin:/usr/sbin:/usr/bin:/sbin:/bin:/usr/games:/usr/local/games
SHELL=/bin/bash
DISPLAY=:0

Signal Handlers:
SIGSEGV: [libjvm.so+0xa0bf30], sa_mask[0]=11111111011111111101111111111110, sa_flags=SA_RESTART|SA_SIGINFO
SIGBUS: [libjvm.so+0xa0bf30], sa_mask[0]=11111111011111111101111111111110, sa_flags=SA_RESTART|SA_SIGINFO
SIGFPE: [libjvm.so+0x86d4c0], sa_mask[0]=11111111011111111101111111111110, sa_flags=SA_RESTART|SA_SIGINFO
SIGPIPE: [libjvm.so+0x86d4c0], sa_mask[0]=11111111011111111101111111111110, sa_flags=SA_RESTART|SA_SIGINFO
SIGXFSZ: [libjvm.so+0x86d4c0], sa_mask[0]=11111111011111111101111111111110, sa_flags=SA_RESTART|SA_SIGINFO
SIGILL: [libjvm.so+0x86d4c0], sa_mask[0]=11111111011111111101111111111110, sa_flags=SA_RESTART|SA_SIGINFO
SIGUSR1: SIG_DFL, sa_mask[0]=00000000000000000000000000000000, sa_flags=none
SIGUSR2: [libjvm.so+0x86d390], sa_mask[0]=00100000000000000000000000000000, sa_flags=SA_RESTART|SA_SIGINFO
SIGHUP: SIG_DFL, sa_mask[0]=00000000000000000000000000000000, sa_flags=none
SIGINT: SIG_DFL, sa_mask[0]=00000000000000000000000000000000, sa_flags=none
SIGTERM: SIG_DFL, sa_mask[0]=00000000000000000000000000000000, sa_flags=none
SIGQUIT: SIG_DFL, sa_mask[0]=00000000000000000000000000000000, sa_flags=none


---------------  S Y S T E M  ---------------

OS:DISTRIB_ID=Ubuntu
DISTRIB_RELEASE=14.04
DISTRIB_CODENAME=trusty
DISTRIB_DESCRIPTION="Ubuntu 14.04 LTS"

uname:Linux 3.13.0-24-generic #46-Ubuntu SMP Thu Apr 10 19:11:08 UTC 2014 x86_64
libc:glibc 2.19 NPTL 2.19 
rlimit: STACK 8192k, CORE 0k, NPROC 61337, NOFILE 4096, AS infinity
load average:1.62 1.61 1.82

/proc/meminfo:
MemTotal:        7873228 kB
MemFree:          150480 kB
Buffers:             748 kB
Cached:          3720560 kB
SwapCached:            0 kB
Active:          3784572 kB
Inactive:        3708988 kB
Active(anon):    3777296 kB
Inactive(anon):  3695688 kB
Active(file):       7276 kB
Inactive(file):    13300 kB
Unevictable:         448 kB
Mlocked:             448 kB
SwapTotal:             0 kB
SwapFree:              0 kB
Dirty:                52 kB
Writeback:             0 kB
AnonPages:       3773268 kB
Mapped:            64264 kB
Shmem:           3700208 kB
Slab:              85708 kB
SReclaimable:      41608 kB
SUnreclaim:        44100 kB
KernelStack:        6120 kB
PageTables:        48720 kB
NFS_Unstable:          0 kB
Bounce:                0 kB
WritebackTmp:          0 kB
CommitLimit:     3936612 kB
Committed_AS:   11728800 kB
VmallocTotal:   34359738367 kB
VmallocUsed:      356428 kB
VmallocChunk:   34359352284 kB
HardwareCorrupted:     0 kB
AnonHugePages:    479232 kB
HugePages_Total:       0
HugePages_Free:        0
HugePages_Rsvd:        0
HugePages_Surp:        0
Hugepagesize:       2048 kB
DirectMap4k:      122804 kB
DirectMap2M:     7960576 kB

container (cgroup) information:
container_type: cgroupv1
cpu_cpuset_cpus: 0-3
cpu_memory_nodes: 0
active_processor_count: 4
cpu_quota: -1
cpu_period: 100000
cpu_shares: -1
memory_limit_in_bytes: -1
memory_and_swap_limit_in_bytes: -2
memory_soft_limit_in_bytes: -1
memory_usage_in_bytes: 3812704256
memory_max_usage_in_bytes: 3868217344


CPU:total 4 (initial active 4) (2 cores per cpu, 2 threads per core) family 6 model 58 stepping 9, cmov, cx8, fxsr, mmx, sse, sse2, sse3, ssse3, sse4.1, sse4.2, popcnt, avx, clmul, erms, ht, tsc, tscinvbit, tscinv

/proc/cpuinfo:
processor	: 0
vendor_id	: GenuineIntel
cpu family	: 6
model		: 58
model name	: Intel(R) Core(TM) i3-3120M CPU @ 2.50GHz
stepping	: 9
microcode	: 0x15
cpu MHz		: 2500.000
cache size	: 3072 KB
physical id	: 0
siblings	: 4
core id		: 0
cpu cores	: 2
apicid		: 0
initial apicid	: 0
fpu		: yes
fpu_exception	: yes
cpuid level	: 13
wp		: yes
flags		: fpu vme de pse tsc msr pae mce cx8 apic sep mtrr pge mca cmov pat pse36 clflush dts acpi mmx fxsr sse sse2 ss ht tm pbe syscall nx rdtscp lm constant_tsc arch_perfmon pebs bts rep_good nopl xtopology nonstop_tsc aperfmperf eagerfpu pni pclmulqdq dtes64 monitor ds_cpl vmx est tm2 ssse3 cx16 xtpr pdcm pcid sse4_1 sse4_2 x2apic popcnt tsc_deadline_timer xsave avx f16c lahf_lm arat epb xsaveopt pln pts dtherm tpr_shadow vnmi flexpriority ept vpid fsgsbase smep erms
bogomips	: 4988.67
clflush size	: 64
cache_alignment	: 64
address sizes	: 36 bits physical, 48 bits virtual
power management:

processor	: 1
vendor_id	: GenuineIntel
cpu family	: 6
model		: 58
model name	: Intel(R) Core(TM) i3-3120M CPU @ 2.50GHz
stepping	: 9
microcode	: 0x15
cpu MHz		: 2500.000
cache size	: 3072 KB
physical id	: 0
siblings	: 4
core id		: 0
cpu cores	: 2
apicid		: 1
initial apicid	: 1
fpu		: yes
fpu_exception	: yes
cpuid level	: 13
wp		: yes
flags		: fpu vme de pse tsc msr pae mce cx8 apic sep mtrr pge mca cmov pat pse36 clflush dts acpi mmx fxsr sse sse2 ss ht tm pbe syscall nx rdtscp lm constant_tsc arch_perfmon pebs bts rep_good nopl xtopology nonstop_tsc aperfmperf eagerfpu pni pclmulqdq dtes64 monitor ds_cpl vmx est tm2 ssse3 cx16 xtpr pdcm pcid sse4_1 sse4_2 x2apic popcnt tsc_deadline_timer xsave avx f16c lahf_lm arat epb xsaveopt pln pts dtherm tpr_shadow vnmi flexpriority ept vpid fsgsbase smep erms
bogomips	: 4988.67
clflush size	: 64
cache_alignment	: 64
address sizes	: 36 bits physical, 48 bits virtual
power management:

processor	: 2
vendor_id	: GenuineIntel
cpu family	: 6
model		: 58
model name	: Intel(R) Core(TM) i3-3120M CPU @ 2.50GHz
stepping	: 9
microcode	: 0x15
cpu MHz		: 2500.000
cache size	: 3072 KB
physical id	: 0
siblings	: 4
core id		: 1
cpu cores	: 2
apicid		: 2
initial apicid	: 2
fpu		: yes
fpu_exception	: yes
cpuid level	: 13
wp		: yes
flags		: fpu vme de pse tsc msr pae mce cx8 apic sep mtrr pge mca cmov pat pse36 clflush dts acpi mmx fxsr sse sse2 ss ht tm pbe syscall nx rdtscp lm constant_tsc arch_perfmon pebs bts rep_good nopl xtopology nonstop_tsc aperfmperf eagerfpu pni pclmulqdq dtes64 monitor ds_cpl vmx est tm2 ssse3 cx16 xtpr pdcm pcid sse4_1 sse4_2 x2apic popcnt tsc_deadline_timer xsave avx f16c lahf_lm arat epb xsaveopt pln pts dtherm tpr_shadow vnmi flexpriority ept vpid fsgsbase smep erms
bogomips	: 4988.67
clflush size	: 64
cache_alignment	: 64
address sizes	: 36 bits physical, 48 bits virtual
power management:

processor	: 3
vendor_id	: GenuineIntel
cpu family	: 6
model		: 58
model name	: Intel(R) Core(TM) i3-3120M CPU @ 2.50GHz
stepping	: 9
microcode	: 0x15
cpu MHz		: 2500.000
cache size	: 3072 KB
physical id	: 0
siblings	: 4
core id		: 1
cpu cores	: 2
apicid		: 3
initial apicid	: 3
fpu		: yes
fpu_exception	: yes
cpuid level	: 13
wp		: yes
flags		: fpu vme de pse tsc msr pae mce cx8 apic sep mtrr pge mca cmov pat pse36 clflush dts acpi mmx fxsr sse sse2 ss ht tm pbe syscall nx rdtscp lm constant_tsc arch_perfmon pebs bts rep_good nopl xtopology nonstop_tsc aperfmperf eagerfpu pni pclmulqdq dtes64 monitor ds_cpl vmx est tm2 ssse3 cx16 xtpr pdcm pcid sse4_1 sse4_2 x2apic popcnt tsc_deadline_timer xsave avx f16c lahf_lm arat epb xsaveopt pln pts dtherm tpr_shadow vnmi flexpriority ept vpid fsgsbase smep erms
bogomips	: 4988.67
clflush size	: 64
cache_alignment	: 64
address sizes	: 36 bits physical, 48 bits virtual
power management:



Memory: 4k page, physical 7873228k(150480k free), swap 0k(0k free)

vm_info: OpenJDK 64-Bit Server VM (25.212-b4-5784211) for linux-amd64 JRE (1.8.0_212-release-1586-b4-5784211), built by "android-build" with gcc 4.8

time: Wed Nov 25 10:52:07 2020
timezone: CET
elapsed time: 0 seconds (0d 0h 0m 0s)

